{"job_id":5,"task_id":5,"client_id":475584,"name":"Load job","time":"2021-10-30T17:04:36.221000Z","payload":{"duration":15278,"frame count":5464,"track count":0,"object count":2650,"box count":0,"polygon count":0,"polyline count":0,"points count":0,"cuboids count":0,"tag count":2650},"is_active":true,"username":"gabor"}
{"system":"Mac OS","client":"chrome","time":"2021-10-30T17:04:51.502000Z","job_id":5,"task_id":5,"client_id":475584,"message":"labelSubfields is not defined","filename":"http://localhost:3000/cvat-ui.8a630a5c254c1177d755.min.js","line":428728,"column":5,"stack":"ReferenceError: labelSubfields is not defined\n    at getAttributesSubfields (http://localhost:3000/cvat-ui.8a630a5c254c1177d755.min.js:428728:5)\n    at FiltersModalComponent (http://localhost:3000/cvat-ui.8a630a5c254c1177d755.min.js:428736:20)\n    at renderWithHooks (http://localhost:3000/cvat-ui.8a630a5c254c1177d755.min.js:380798:18)\n    at updateFunctionComponent (http://localhost:3000/cvat-ui.8a630a5c254c1177d755.min.js:383029:20)\n    at updateSimpleMemoComponent (http://localhost:3000/cvat-ui.8a630a5c254c1177d755.min.js:382967:10)\n    at updateMemoComponent (http://localhost:3000/cvat-ui.8a630a5c254c1177d755.min.js:382856:14)\n    at beginWork (http://localhost:3000/cvat-ui.8a630a5c254c1177d755.min.js:384677:16)\n    at HTMLUnknownElement.callCallback (http://localhost:3000/cvat-ui.8a630a5c254c1177d755.min.js:366183:14)\n    at Object.invokeGuardedCallbackDev (http://localhost:3000/cvat-ui.8a630a5c254c1177d755.min.js:366232:16)\n    at invokeGuardedCallback (http://localhost:3000/cvat-ui.8a630a5c254c1177d755.min.js:366287:31)","username":"gabor","name":"Send exception"}
{"system":"Mac OS","client":"chrome","time":"2021-10-30T17:04:51.504000Z","job_id":5,"task_id":5,"client_id":475584,"message":"labelSubfields is not defined","filename":"http://localhost:3000/cvat-ui.8a630a5c254c1177d755.min.js","line":428728,"column":5,"stack":"ReferenceError: labelSubfields is not defined\n    at getAttributesSubfields (http://localhost:3000/cvat-ui.8a630a5c254c1177d755.min.js:428728:5)\n    at FiltersModalComponent (http://localhost:3000/cvat-ui.8a630a5c254c1177d755.min.js:428736:20)\n    at renderWithHooks (http://localhost:3000/cvat-ui.8a630a5c254c1177d755.min.js:380798:18)\n    at updateFunctionComponent (http://localhost:3000/cvat-ui.8a630a5c254c1177d755.min.js:383029:20)\n    at updateSimpleMemoComponent (http://localhost:3000/cvat-ui.8a630a5c254c1177d755.min.js:382967:10)\n    at updateMemoComponent (http://localhost:3000/cvat-ui.8a630a5c254c1177d755.min.js:382856:14)\n    at beginWork (http://localhost:3000/cvat-ui.8a630a5c254c1177d755.min.js:384677:16)\n    at HTMLUnknownElement.callCallback (http://localhost:3000/cvat-ui.8a630a5c254c1177d755.min.js:366183:14)\n    at Object.invokeGuardedCallbackDev (http://localhost:3000/cvat-ui.8a630a5c254c1177d755.min.js:366232:16)\n    at invokeGuardedCallback (http://localhost:3000/cvat-ui.8a630a5c254c1177d755.min.js:366287:31)","username":"gabor","name":"Send exception"}
{"job_id":5,"task_id":5,"client_id":149859,"name":"Load job","time":"2021-10-30T17:15:50.460000Z","payload":{"duration":13454,"frame count":5464,"track count":0,"object count":2650,"box count":0,"polygon count":0,"polyline count":0,"points count":0,"cuboids count":0,"tag count":2650},"is_active":true,"username":"gabor"}
{"system":"Mac OS","client":"chrome","time":"2021-10-30T17:16:03.916000Z","job_id":5,"task_id":5,"client_id":149859,"message":"Cannot read properties of undefined (reading 'forEach')","filename":"http://localhost:3000/cvat-ui.6ced4b00961372ae356e.min.js","line":428712,"column":25,"stack":"TypeError: Cannot read properties of undefined (reading 'forEach')\n    at http://localhost:3000/cvat-ui.6ced4b00961372ae356e.min.js:428712:25\n    at Array.forEach (<anonymous>)\n    at getAttributesSubfields (http://localhost:3000/cvat-ui.6ced4b00961372ae356e.min.js:428703:12)\n    at FiltersModalComponent (http://localhost:3000/cvat-ui.6ced4b00961372ae356e.min.js:428736:20)\n    at renderWithHooks (http://localhost:3000/cvat-ui.6ced4b00961372ae356e.min.js:380798:18)\n    at updateFunctionComponent (http://localhost:3000/cvat-ui.6ced4b00961372ae356e.min.js:383029:20)\n    at updateSimpleMemoComponent (http://localhost:3000/cvat-ui.6ced4b00961372ae356e.min.js:382967:10)\n    at updateMemoComponent (http://localhost:3000/cvat-ui.6ced4b00961372ae356e.min.js:382856:14)\n    at beginWork (http://localhost:3000/cvat-ui.6ced4b00961372ae356e.min.js:384677:16)\n    at HTMLUnknownElement.callCallback (http://localhost:3000/cvat-ui.6ced4b00961372ae356e.min.js:366183:14)","username":"gabor","name":"Send exception"}
{"system":"Mac OS","client":"chrome","time":"2021-10-30T17:16:03.918000Z","job_id":5,"task_id":5,"client_id":149859,"message":"Cannot read properties of undefined (reading 'forEach')","filename":"http://localhost:3000/cvat-ui.6ced4b00961372ae356e.min.js","line":428712,"column":25,"stack":"TypeError: Cannot read properties of undefined (reading 'forEach')\n    at http://localhost:3000/cvat-ui.6ced4b00961372ae356e.min.js:428712:25\n    at Array.forEach (<anonymous>)\n    at getAttributesSubfields (http://localhost:3000/cvat-ui.6ced4b00961372ae356e.min.js:428703:12)\n    at FiltersModalComponent (http://localhost:3000/cvat-ui.6ced4b00961372ae356e.min.js:428736:20)\n    at renderWithHooks (http://localhost:3000/cvat-ui.6ced4b00961372ae356e.min.js:380798:18)\n    at updateFunctionComponent (http://localhost:3000/cvat-ui.6ced4b00961372ae356e.min.js:383029:20)\n    at updateSimpleMemoComponent (http://localhost:3000/cvat-ui.6ced4b00961372ae356e.min.js:382967:10)\n    at updateMemoComponent (http://localhost:3000/cvat-ui.6ced4b00961372ae356e.min.js:382856:14)\n    at beginWork (http://localhost:3000/cvat-ui.6ced4b00961372ae356e.min.js:384677:16)\n    at HTMLUnknownElement.callCallback (http://localhost:3000/cvat-ui.6ced4b00961372ae356e.min.js:366183:14)","username":"gabor","name":"Send exception"}
{"job_id":5,"task_id":5,"client_id":172207,"name":"Load job","time":"2021-10-30T17:16:15.192000Z","payload":{"duration":13219,"frame count":5464,"track count":0,"object count":2650,"box count":0,"polygon count":0,"polyline count":0,"points count":0,"cuboids count":0,"tag count":2650},"is_active":true,"username":"gabor"}
{"system":"Mac OS","client":"chrome","time":"2021-10-30T17:16:28.413000Z","job_id":5,"task_id":5,"client_id":172207,"message":"Cannot read properties of undefined (reading 'forEach')","filename":"http://localhost:3000/cvat-ui.6ced4b00961372ae356e.min.js","line":428712,"column":25,"stack":"TypeError: Cannot read properties of undefined (reading 'forEach')\n    at http://localhost:3000/cvat-ui.6ced4b00961372ae356e.min.js:428712:25\n    at Array.forEach (<anonymous>)\n    at getAttributesSubfields (http://localhost:3000/cvat-ui.6ced4b00961372ae356e.min.js:428703:12)\n    at FiltersModalComponent (http://localhost:3000/cvat-ui.6ced4b00961372ae356e.min.js:428736:20)\n    at renderWithHooks (http://localhost:3000/cvat-ui.6ced4b00961372ae356e.min.js:380798:18)\n    at updateFunctionComponent (http://localhost:3000/cvat-ui.6ced4b00961372ae356e.min.js:383029:20)\n    at updateSimpleMemoComponent (http://localhost:3000/cvat-ui.6ced4b00961372ae356e.min.js:382967:10)\n    at updateMemoComponent (http://localhost:3000/cvat-ui.6ced4b00961372ae356e.min.js:382856:14)\n    at beginWork (http://localhost:3000/cvat-ui.6ced4b00961372ae356e.min.js:384677:16)\n    at HTMLUnknownElement.callCallback (http://localhost:3000/cvat-ui.6ced4b00961372ae356e.min.js:366183:14)","username":"gabor","name":"Send exception"}
{"system":"Mac OS","client":"chrome","time":"2021-10-30T17:16:28.414000Z","job_id":5,"task_id":5,"client_id":172207,"message":"Cannot read properties of undefined (reading 'forEach')","filename":"http://localhost:3000/cvat-ui.6ced4b00961372ae356e.min.js","line":428712,"column":25,"stack":"TypeError: Cannot read properties of undefined (reading 'forEach')\n    at http://localhost:3000/cvat-ui.6ced4b00961372ae356e.min.js:428712:25\n    at Array.forEach (<anonymous>)\n    at getAttributesSubfields (http://localhost:3000/cvat-ui.6ced4b00961372ae356e.min.js:428703:12)\n    at FiltersModalComponent (http://localhost:3000/cvat-ui.6ced4b00961372ae356e.min.js:428736:20)\n    at renderWithHooks (http://localhost:3000/cvat-ui.6ced4b00961372ae356e.min.js:380798:18)\n    at updateFunctionComponent (http://localhost:3000/cvat-ui.6ced4b00961372ae356e.min.js:383029:20)\n    at updateSimpleMemoComponent (http://localhost:3000/cvat-ui.6ced4b00961372ae356e.min.js:382967:10)\n    at updateMemoComponent (http://localhost:3000/cvat-ui.6ced4b00961372ae356e.min.js:382856:14)\n    at beginWork (http://localhost:3000/cvat-ui.6ced4b00961372ae356e.min.js:384677:16)\n    at HTMLUnknownElement.callCallback (http://localhost:3000/cvat-ui.6ced4b00961372ae356e.min.js:366183:14)","username":"gabor","name":"Send exception"}
{"job_id":5,"task_id":5,"client_id":41469,"name":"Load job","time":"2021-10-30T20:00:42.114000Z","payload":{"duration":1490070,"frame count":5464,"track count":0,"object count":2650,"box count":0,"polygon count":0,"polyline count":0,"points count":0,"cuboids count":0,"tag count":2650},"is_active":true,"username":"gabor"}
{"job_id":5,"task_id":5,"client_id":41469,"name":"Fit image","time":"2021-10-30T20:25:32.193000Z","payload":{},"is_active":true,"username":"gabor"}
{"job_id":5,"task_id":5,"client_id":41469,"name":"Change frame","time":"2021-10-30T20:25:38.804000Z","payload":{"from":0,"to":42},"is_active":true,"username":"gabor"}
{"job_id":5,"task_id":5,"client_id":41469,"name":"Change frame","time":"2021-10-30T20:25:39.330000Z","payload":{"from":42,"to":46},"is_active":true,"username":"gabor"}
{"job_id":5,"task_id":5,"client_id":41469,"name":"Change frame","time":"2021-10-30T20:25:40.299000Z","payload":{"from":46,"to":50},"is_active":true,"username":"gabor"}
{"job_id":5,"task_id":5,"client_id":41469,"name":"Change frame","time":"2021-10-30T20:25:40.834000Z","payload":{"from":50,"to":62},"is_active":true,"username":"gabor"}
{"job_id":5,"task_id":5,"client_id":41469,"name":"Fit image","time":"2021-10-30T20:25:44.709000Z","payload":{},"is_active":true,"username":"gabor"}
{"job_id":5,"task_id":5,"client_id":41469,"name":"Fit image","time":"2021-10-30T20:25:44.709000Z","payload":{},"is_active":true,"username":"gabor"}
{"job_id":5,"task_id":5,"client_id":41469,"name":"Fit image","time":"2021-10-30T20:25:44.709000Z","payload":{},"is_active":true,"username":"gabor"}
{"job_id":5,"task_id":5,"client_id":41469,"name":"Fit image","time":"2021-10-30T20:25:44.709000Z","payload":{},"is_active":true,"username":"gabor"}
{"job_id":5,"task_id":5,"client_id":41469,"name":"Change frame","time":"2021-10-30T20:25:45.626000Z","payload":{"from":62,"to":86},"is_active":true,"username":"gabor"}
{"job_id":5,"task_id":5,"client_id":41469,"name":"Change frame","time":"2021-10-30T20:25:46.132000Z","payload":{"from":86,"to":96},"is_active":true,"username":"gabor"}
{"job_id":5,"task_id":5,"client_id":41469,"name":"Fit image","time":"2021-10-30T20:25:48.190000Z","payload":{},"is_active":true,"username":"gabor"}
{"job_id":5,"task_id":5,"client_id":41469,"name":"Fit image","time":"2021-10-30T20:25:48.190000Z","payload":{},"is_active":true,"username":"gabor"}
{"job_id":5,"task_id":5,"client_id":41469,"name":"Change frame","time":"2021-10-30T20:25:50.931000Z","payload":{"from":96,"to":159},"is_active":true,"username":"gabor"}
{"job_id":5,"task_id":5,"client_id":41469,"name":"Change frame","time":"2021-10-30T20:25:52.395000Z","payload":{"from":159,"to":167},"is_active":true,"username":"gabor"}
{"job_id":5,"task_id":5,"client_id":41469,"name":"Fit image","time":"2021-10-30T20:25:52.648000Z","payload":{},"is_active":true,"username":"gabor"}
{"job_id":5,"task_id":5,"client_id":41469,"name":"Fit image","time":"2021-10-30T20:25:52.649000Z","payload":{},"is_active":true,"username":"gabor"}
{"job_id":5,"task_id":5,"client_id":41469,"name":"Change frame","time":"2021-10-30T20:25:53.181000Z","payload":{"from":167,"to":168},"is_active":true,"username":"gabor"}
{"job_id":5,"task_id":5,"client_id":41469,"name":"Fit image","time":"2021-10-30T20:25:53.251000Z","payload":{},"is_active":true,"username":"gabor"}
{"job_id":5,"task_id":5,"client_id":41469,"name":"Load job","time":"2021-10-30T20:26:05.349000Z","payload":{"duration":18970,"frame count":5464,"track count":0,"object count":2650,"box count":0,"polygon count":0,"polyline count":0,"points count":0,"cuboids count":0,"tag count":2650},"is_active":true,"username":"gabor"}
{"job_id":5,"task_id":5,"client_id":41469,"name":"Fit image","time":"2021-10-30T20:26:24.326000Z","payload":{},"is_active":true,"username":"gabor"}
{"job_id":5,"task_id":5,"client_id":41469,"name":"Change frame","time":"2021-10-30T20:27:38.529000Z","payload":{"from":0,"to":42},"is_active":true,"username":"gabor"}
{"job_id":5,"task_id":5,"client_id":41469,"name":"Fit image","time":"2021-10-30T20:27:39.163000Z","payload":{},"is_active":true,"username":"gabor"}
{"job_id":5,"task_id":5,"client_id":41469,"name":"Change frame","time":"2021-10-30T20:27:40.029000Z","payload":{"from":42,"to":46},"is_active":true,"username":"gabor"}
{"job_id":5,"task_id":5,"client_id":41469,"name":"Fit image","time":"2021-10-30T20:27:40.071000Z","payload":{},"is_active":true,"username":"gabor"}
{"job_id":5,"task_id":5,"client_id":41469,"name":"Change frame","time":"2021-10-30T20:27:42.436000Z","payload":{"from":46,"to":50},"is_active":true,"username":"gabor"}
{"job_id":5,"task_id":5,"client_id":41469,"name":"Fit image","time":"2021-10-30T20:27:42.470000Z","payload":{},"is_active":true,"username":"gabor"}
{"job_id":5,"task_id":5,"client_id":41469,"name":"Change frame","time":"2021-10-30T20:27:42.980000Z","payload":{"from":50,"to":62},"is_active":true,"username":"gabor"}
{"job_id":5,"task_id":5,"client_id":41469,"name":"Fit image","time":"2021-10-30T20:27:43.011000Z","payload":{},"is_active":true,"username":"gabor"}
{"job_id":5,"task_id":5,"client_id":41469,"name":"Change frame","time":"2021-10-30T20:27:43.219000Z","payload":{"from":62,"to":86},"is_active":true,"username":"gabor"}
{"job_id":5,"task_id":5,"client_id":41469,"name":"Change frame","time":"2021-10-30T20:27:43.408000Z","payload":{"from":86,"to":96},"is_active":true,"username":"gabor"}
{"job_id":5,"task_id":5,"client_id":41469,"name":"Change frame","time":"2021-10-30T20:27:43.611000Z","payload":{"from":96,"to":159},"is_active":true,"username":"gabor"}
{"job_id":5,"task_id":5,"client_id":41469,"name":"Fit image","time":"2021-10-30T20:27:45.102000Z","payload":{},"is_active":true,"username":"gabor"}
{"job_id":5,"task_id":5,"client_id":41469,"name":"Fit image","time":"2021-10-30T20:27:45.102000Z","payload":{},"is_active":true,"username":"gabor"}
{"job_id":5,"task_id":5,"client_id":41469,"name":"Fit image","time":"2021-10-30T20:27:45.102000Z","payload":{},"is_active":true,"username":"gabor"}
{"job_id":5,"task_id":5,"client_id":41469,"name":"Change frame","time":"2021-10-30T20:28:19.476000Z","payload":{"from":159,"to":186},"is_active":true,"username":"gabor"}
{"job_id":5,"task_id":5,"client_id":41469,"name":"Fit image","time":"2021-10-30T20:28:20.573000Z","payload":{},"is_active":true,"username":"gabor"}
{"job_id":5,"task_id":5,"client_id":41469,"name":"Change frame","time":"2021-10-30T20:28:24.845000Z","payload":{"from":186,"to":217},"is_active":true,"username":"gabor"}
{"job_id":5,"task_id":5,"client_id":41469,"name":"Fit image","time":"2021-10-30T20:28:25.755000Z","payload":{},"is_active":true,"username":"gabor"}
{"job_id":5,"task_id":5,"client_id":41469,"name":"Change frame","time":"2021-10-30T20:28:26.541000Z","payload":{"from":217,"to":242},"is_active":true,"username":"gabor"}
{"job_id":5,"task_id":5,"client_id":41469,"name":"Fit image","time":"2021-10-30T20:28:27.552000Z","payload":{},"is_active":true,"username":"gabor"}
{"job_id":5,"task_id":5,"client_id":41469,"name":"Change frame","time":"2021-10-30T20:28:27.839000Z","payload":{"from":242,"to":370},"is_active":true,"username":"gabor"}
{"job_id":5,"task_id":5,"client_id":41469,"name":"Fit image","time":"2021-10-30T20:28:30.984000Z","payload":{},"is_active":true,"username":"gabor"}
{"job_id":5,"task_id":5,"client_id":41469,"name":"Change frame","time":"2021-10-30T20:28:31.748000Z","payload":{"from":370,"to":373},"is_active":true,"username":"gabor"}
{"job_id":5,"task_id":5,"client_id":41469,"name":"Fit image","time":"2021-10-30T20:28:31.789000Z","payload":{},"is_active":true,"username":"gabor"}
{"job_id":5,"task_id":5,"client_id":41469,"name":"Change frame","time":"2021-10-30T20:28:32.712000Z","payload":{"from":373,"to":413},"is_active":true,"username":"gabor"}
{"job_id":5,"task_id":5,"client_id":41469,"name":"Fit image","time":"2021-10-30T20:28:37.514000Z","payload":{},"is_active":true,"username":"gabor"}
{"job_id":5,"task_id":5,"client_id":41469,"name":"Change frame","time":"2021-10-30T20:28:38.180000Z","payload":{"from":413,"to":511},"is_active":true,"username":"gabor"}
{"job_id":5,"task_id":5,"client_id":41469,"name":"Fit image","time":"2021-10-30T20:28:41.781000Z","payload":{},"is_active":true,"username":"gabor"}
{"job_id":5,"task_id":5,"client_id":41469,"name":"Change frame","time":"2021-10-30T20:28:43.012000Z","payload":{"from":511,"to":538},"is_active":true,"username":"gabor"}
{"job_id":5,"task_id":5,"client_id":41469,"name":"Fit image","time":"2021-10-30T20:28:45.771000Z","payload":{},"is_active":true,"username":"gabor"}
{"job_id":5,"task_id":5,"client_id":41469,"name":"Change frame","time":"2021-10-30T20:28:46.820000Z","payload":{"from":538,"to":698},"is_active":true,"username":"gabor"}
{"job_id":5,"task_id":5,"client_id":41469,"name":"Fit image","time":"2021-10-30T20:28:50.316000Z","payload":{},"is_active":true,"username":"gabor"}
